<?xml version="1.0" encoding="UTF-8"?>
<testsuite xmlns:xsi="http://www.w3.org/2001/XMLSchema-instance" xsi:noNamespaceSchemaLocation="https://maven.apache.org/surefire/maven-surefire-plugin/xsd/surefire-test-report.xsd" name="org.apache.hc.client5.http.protocol.TestResponseProcessCookies" time="0" tests="6" errors="0" skipped="0" failures="0">
  <properties>
[...]
</properties>
  <testcase name="testResponseParameterCheck" classname="org.apache.hc.client5.http.protocol.TestResponseProcessCookies" time="0"/>
  <testcase name="testNoCookieOrigin" classname="org.apache.hc.client5.http.protocol.TestResponseProcessCookies" time="0"/>
  <testcase name="testParseCookies" classname="org.apache.hc.client5.http.protocol.TestResponseProcessCookies" time="0"/>
  <testcase name="testContextParameterCheck" classname="org.apache.hc.client5.http.protocol.TestResponseProcessCookies" time="0"/>
  <testcase name="testNoCookieSpec" classname="org.apache.hc.client5.http.protocol.TestResponseProcessCookies" time="0"/>
  <testcase name="testNoCookieStore" classname="org.apache.hc.client5.http.protocol.TestResponseProcessCookies" time="0"/>
</testsuite>